生成启动时间为 6/17/2015 11:21:11 AM。
     1>项目“C:\Users\John\Desktop\Typewriting Apps\Typewriting Apps\Typewriting Apps.vcxproj”在节点 2 上(Build 个目标)。
     1>ClCompile:
         E:\VS2015\VC\bin\CL.exe /c /I"C:\Users\John\Desktop\Typewriting Apps\Typewriting Apps\\" /ZI /nologo /W3 /WX- /Od /Oy- /D WIN32 /D _DEBUG /D _CONSOLE /D _UNICODE /D UNICODE /Gm /EHsc /RTC1 /MDd /GS /fp:precise /Zc:wchar_t /Zc:forScope /Zc:inline /Fo"Debug\\" /Fd"Debug\vc140.pdb" /Gd /TC /analyze- /errorReport:prompt typrit_apps.c typrit_exchange.c
         typrit_exchange.c
     1>c:\users\john\desktop\typewriting apps\typewriting apps\typrit_exchange.c(104): warning C4047: “函数”:“const List *”与“List”的间接级别不同
     1>c:\users\john\desktop\typewriting apps\typewriting apps\typrit_exchange.c(104): warning C4024: “ListIsFull”: 形参和实参 1 的类型不同
     1>c:\users\john\desktop\typewriting apps\typewriting apps\typrit_exchange.c(123): warning C4047: “函数”:“char **”与“char (*)[21]”的间接级别不同
     1>c:\users\john\desktop\typewriting apps\typewriting apps\typrit_exchange.c(123): warning C4024: “fn_scan_flie”: 形参和实参 2 的类型不同
     1>c:\users\john\desktop\typewriting apps\typewriting apps\typrit_exchange.c(124): warning C4047: “函数”:“char **”与“char (*)[21]”的间接级别不同
     1>c:\users\john\desktop\typewriting apps\typewriting apps\typrit_exchange.c(124): warning C4024: “fn_scan_flie”: 形参和实参 3 的类型不同
     1>c:\users\john\desktop\typewriting apps\typewriting apps\typrit_exchange.c(137): warning C4047: “函数”:“const List *”与“List”的间接级别不同
     1>c:\users\john\desktop\typewriting apps\typewriting apps\typrit_exchange.c(137): warning C4024: “ListIsFull”: 形参和实参 1 的类型不同
     1>c:\users\john\desktop\typewriting apps\typewriting apps\typrit_exchange.c(272): warning C4047: “函数”:“const List *”与“List”的间接级别不同
     1>c:\users\john\desktop\typewriting apps\typewriting apps\typrit_exchange.c(272): warning C4024: “fn_show_sort”: 形参和实参 1 的类型不同
     1>c:\users\john\desktop\typewriting apps\typewriting apps\typrit_exchange.c(156): warning C4996: 'strcat': This function or variable may be unsafe. Consider using strcat_s instead. To disable deprecation, use _CRT_SECURE_NO_WARNINGS. See online help for details.
         c:\program files (x86)\windows kits\10\include\10.0.10056.0\ucrt\string.h(90): note: 参见“strcat”的声明
     1>c:\users\john\desktop\typewriting apps\typewriting apps\typrit_exchange.c(157): warning C4996: 'strcat': This function or variable may be unsafe. Consider using strcat_s instead. To disable deprecation, use _CRT_SECURE_NO_WARNINGS. See online help for details.
         c:\program files (x86)\windows kits\10\include\10.0.10056.0\ucrt\string.h(90): note: 参见“strcat”的声明
     1>c:\users\john\desktop\typewriting apps\typewriting apps\typrit_exchange.c(167): warning C4996: 'fopen': This function or variable may be unsafe. Consider using fopen_s instead. To disable deprecation, use _CRT_SECURE_NO_WARNINGS. See online help for details.
         c:\program files (x86)\windows kits\10\include\10.0.10056.0\ucrt\stdio.h(205): note: 参见“fopen”的声明
     1>c:\users\john\desktop\typewriting apps\typewriting apps\typrit_exchange.c(297): warning C4013: “fn_eatline”未定义；假设外部返回 int
     1>c:\users\john\desktop\typewriting apps\typewriting apps\typrit_exchange.c(396): warning C4028: 形参 1 与声明不同
         typrit_apps.c
     1>c:\users\john\desktop\typewriting apps\typewriting apps\typrit_apps.c(155): warning C4129: “N”: 不可识别的字符转义序列
     1>c:\users\john\desktop\typewriting apps\typewriting apps\typrit_apps.c(234): warning C4244: “=”: 从“double”转换到“float”，可能丢失数据
     1>c:\users\john\desktop\typewriting apps\typewriting apps\typrit_apps.c(205): warning C4996: 'strcat': This function or variable may be unsafe. Consider using strcat_s instead. To disable deprecation, use _CRT_SECURE_NO_WARNINGS. See online help for details.
         c:\program files (x86)\windows kits\10\include\10.0.10056.0\ucrt\string.h(90): note: 参见“strcat”的声明
     1>c:\users\john\desktop\typewriting apps\typewriting apps\typrit_apps.c(208): warning C4996: 'fopen': This function or variable may be unsafe. Consider using fopen_s instead. To disable deprecation, use _CRT_SECURE_NO_WARNINGS. See online help for details.
         c:\program files (x86)\windows kits\10\include\10.0.10056.0\ucrt\stdio.h(205): note: 参见“fopen”的声明
     1>c:\users\john\desktop\typewriting apps\typewriting apps\typrit_apps.c(229): warning C4996: 'fscanf': This function or variable may be unsafe. Consider using fscanf_s instead. To disable deprecation, use _CRT_SECURE_NO_WARNINGS. See online help for details.
         c:\program files (x86)\windows kits\10\include\10.0.10056.0\ucrt\stdio.h(1193): note: 参见“fscanf”的声明
         正在生成代码...
       Link:
         E:\VS2015\VC\bin\link.exe /ERRORREPORT:PROMPT /OUT:"C:\Users\John\Desktop\Typewriting Apps\Typewriting Apps\Debug\Typewriting Apps.exe" /INCREMENTAL /NOLOGO kernel32.lib user32.lib gdi32.lib winspool.lib comdlg32.lib advapi32.lib shell32.lib ole32.lib oleaut32.lib uuid.lib odbc32.lib odbccp32.lib /MANIFEST /MANIFESTUAC:"level='asInvoker' uiAccess='false'" /manifest:embed /Debug /PDB:"C:\Users\John\Desktop\Typewriting Apps\Typewriting Apps\Debug\Typewriting Apps.pdb" /SUBSYSTEM:CONSOLE /TLBID:1 /DYNAMICBASE /NXCOMPAT /IMPLIB:"C:\Users\John\Desktop\Typewriting Apps\Typewriting Apps\Debug\Typewriting Apps.lib" /MACHINE:X86 Debug\cs50.obj
         Debug\list.obj
         Debug\typrit_apps.obj
         Debug\typrit_bank.obj
         Debug\typrit_loginpanel.obj
         Debug\typrit_myinfo.obj
         Debug\typrit_play.obj
         Debug\typrit_exchange.obj
         Typewriting Apps.vcxproj -> C:\Users\John\Desktop\Typewriting Apps\Typewriting Apps\Debug\Typewriting Apps.exe
     1>已完成生成项目“C:\Users\John\Desktop\Typewriting Apps\Typewriting Apps\Typewriting Apps.vcxproj”(Build 个目标)的操作。

生成成功。

已用时间 00:00:03.90
